<?xml version="1.0" encoding="UTF-8"?>
<!-- Generated by org.testng.reporters.JUnitXMLReporter -->
<testsuite ignored="0" hostname="DESKTOP-B5EELSP" failures="0" tests="3" name="Test" time="18.028" errors="0" timestamp="2019-10-07T15:27:16 PKT">
  <testcase classname="test.Testt_testNGDemo" name="Gsearch" time="3.655"/>
  <testcase classname="test.Testt_testNGDemo2" name="Gsearch2" time="3.911"/>
  <testcase classname="test.Testt_testNGDemo2" name="Gsearch3" time="1.819"/>
</testsuite> <!-- Test -->
