<?xml version="1.0" encoding="UTF-8"?>
<testng-results ignored="0" total="3" passed="3" failed="0" skipped="0">
  <reporter-output>
  </reporter-output>
  <suite started-at="2019-10-07T17:28:12 PKT" name="Suite" finished-at="2019-10-07T17:28:28 PKT" duration-ms="16199">
    <groups>
    </groups>
    <test started-at="2019-10-07T17:28:12 PKT" name="Test" finished-at="2019-10-07T17:28:28 PKT" duration-ms="16199">
      <class name="test.Testt_testNGDemo">
        <test-method is-config="true" signature="setUpTest()[pri:0, instance:test.Testt_testNGDemo@4c15e7fd]" started-at="2019-10-07T17:28:12 PKT" name="setUpTest" finished-at="2019-10-07T17:28:18 PKT" duration-ms="6195" status="PASS">
          <reporter-output>
          </reporter-output>
        </test-method> <!-- setUpTest -->
        <test-method signature="Gsearch()[pri:0, instance:test.Testt_testNGDemo@4c15e7fd]" started-at="2019-10-07T17:28:23 PKT" name="Gsearch" finished-at="2019-10-07T17:28:26 PKT" duration-ms="3002" status="PASS">
          <reporter-output>
          </reporter-output>
        </test-method> <!-- Gsearch -->
        <test-method is-config="true" signature="tearDownTest()[pri:0, instance:test.Testt_testNGDemo@4c15e7fd]" started-at="2019-10-07T17:28:28 PKT" name="tearDownTest" finished-at="2019-10-07T17:28:28 PKT" duration-ms="1" status="PASS">
          <reporter-output>
          </reporter-output>
        </test-method> <!-- tearDownTest -->
      </class> <!-- test.Testt_testNGDemo -->
      <class name="test.Testt_testNGDemo2">
        <test-method is-config="true" signature="setUpTest()[pri:0, instance:test.Testt_testNGDemo2@23986957]" started-at="2019-10-07T17:28:18 PKT" name="setUpTest" finished-at="2019-10-07T17:28:23 PKT" duration-ms="5487" status="PASS">
          <reporter-output>
          </reporter-output>
        </test-method> <!-- setUpTest -->
        <test-method signature="Gsearch2()[pri:0, instance:test.Testt_testNGDemo2@23986957]" started-at="2019-10-07T17:28:23 PKT" name="Gsearch2" finished-at="2019-10-07T17:28:26 PKT" duration-ms="2955" status="PASS">
          <reporter-output>
          </reporter-output>
        </test-method> <!-- Gsearch2 -->
        <test-method signature="Gsearch3()[pri:0, instance:test.Testt_testNGDemo2@23986957]" started-at="2019-10-07T17:28:26 PKT" name="Gsearch3" finished-at="2019-10-07T17:28:28 PKT" duration-ms="1513" status="PASS">
          <reporter-output>
          </reporter-output>
        </test-method> <!-- Gsearch3 -->
        <test-method is-config="true" signature="tearDownTest()[pri:0, instance:test.Testt_testNGDemo2@23986957]" started-at="2019-10-07T17:28:28 PKT" name="tearDownTest" finished-at="2019-10-07T17:28:28 PKT" duration-ms="0" status="PASS">
          <reporter-output>
          </reporter-output>
        </test-method> <!-- tearDownTest -->
      </class> <!-- test.Testt_testNGDemo2 -->
    </test> <!-- Test -->
  </suite> <!-- Suite -->
</testng-results>
